<?xml version="1.0" encoding="UTF-8"?>
<!-- Generated by org.testng.reporters.JUnitReportReporter -->
<testsuite name="Scripts.ManageOrg.Login" tests="2" time="46.866" ignored="0" failures="0" timestamp="13 Sep 2018 15:42:42 GMT" skipped="0" hostname="PUNITP135360L" errors="0">
  <testcase name="Test_001" time="20.305" classname="Scripts.ManageOrg.Login"/>
  <testcase name="Test_002" time="26.561" classname="Scripts.ManageOrg.Login"/>
</testsuite> <!-- Scripts.ManageOrg.Login -->
