<?xml version="1.0" encoding="UTF-8"?>
<!-- Generated by org.testng.reporters.JUnitReportReporter -->
<testsuite name="Scripts.ManageOrg.AccountManagement" tests="2" time="32.554" ignored="0" failures="0" timestamp="13 Sep 2018 15:00:14 GMT" skipped="0" hostname="PUNITP135360L" errors="0">
  <testcase name="Test_001" time="16.461" classname="Scripts.ManageOrg.AccountManagement"/>
  <testcase name="Test_002" time="16.093" classname="Scripts.ManageOrg.AccountManagement"/>
</testsuite> <!-- Scripts.ManageOrg.AccountManagement -->
