<?xml version="1.0" encoding="UTF-8"?>
<!-- Generated by org.testng.reporters.JUnitReportReporter -->
<testsuite name="Scripts.LoginTest.Login" tests="2" time="38.770" ignored="0" failures="0" timestamp="13 Sep 2018 16:10:09 GMT" skipped="0" hostname="PUNITP135360L" errors="0">
  <testcase name="Test_002" time="17.068" classname="Scripts.LoginTest.Login"/>
  <testcase name="Test_001" time="21.702" classname="Scripts.LoginTest.Login"/>
</testsuite> <!-- Scripts.LoginTest.Login -->
