<?xml version="1.0" encoding="UTF-8"?>
<!-- Generated by org.testng.reporters.JUnitReportReporter -->
<testsuite name="Scripts.SignUpTest.SignUp" tests="2" time="55.114" ignored="0" failures="0" timestamp="13 Sep 2018 16:10:09 GMT" skipped="0" hostname="PUNITP135360L" errors="0">
  <testcase name="Test_001" time="27.682" classname="Scripts.SignUpTest.SignUp"/>
  <testcase name="Test_002" time="27.432" classname="Scripts.SignUpTest.SignUp"/>
</testsuite> <!-- Scripts.SignUpTest.SignUp -->
